{"total": {"lines":{"total":72,"covered":71,"skipped":0,"pct":98.61},"statements":{"total":72,"covered":71,"skipped":0,"pct":98.61},"functions":{"total":11,"covered":10,"skipped":0,"pct":90.9},"branches":{"total":28,"covered":27,"skipped":0,"pct":96.42},"branchesTrue":{"total":0,"covered":0,"skipped":0,"pct":"Unknown"}}
,"/Users/volodymyr.ponomarenko/PhpstormProjects/game-clicker/modules/RoadmapFrontendTests_module/resources/js/components/SimplePropertiesTest.vue": {"lines":{"total":24,"covered":23,"skipped":0,"pct":95.83},"functions":{"total":7,"covered":6,"skipped":0,"pct":85.71},"statements":{"total":24,"covered":23,"skipped":0,"pct":95.83},"branches":{"total":10,"covered":9,"skipped":0,"pct":90}}
,"/Users/volodymyr.ponomarenko/PhpstormProjects/game-clicker/modules/RoadmapFrontendTests_module/resources/js/components/SnapshotsTest.vue": {"lines":{"total":16,"covered":16,"skipped":0,"pct":100},"functions":{"total":2,"covered":2,"skipped":0,"pct":100},"statements":{"total":16,"covered":16,"skipped":0,"pct":100},"branches":{"total":4,"covered":4,"skipped":0,"pct":100}}
,"/Users/volodymyr.ponomarenko/PhpstormProjects/game-clicker/modules/RoadmapFrontendTests_module/resources/js/components/TestEachTest.vue": {"lines":{"total":32,"covered":32,"skipped":0,"pct":100},"functions":{"total":2,"covered":2,"skipped":0,"pct":100},"statements":{"total":32,"covered":32,"skipped":0,"pct":100},"branches":{"total":14,"covered":14,"skipped":0,"pct":100}}
}
